<html>
<head>
<title>TestNG:  Tests</title>
<link href="../testng.css" rel="stylesheet" type="text/css" />
<link href="../my-testng.css" rel="stylesheet" type="text/css" />

<style type="text/css">
.log { display: none;} 
.stack-trace { display: none;} 
</style>
<script type="text/javascript">
<!--
function flip(e) {
  current = e.style.display;
  if (current == 'block') {
    e.style.display = 'none';
    return 0;
  }
  else {
    e.style.display = 'block';
    return 1;
  }
}

function toggleBox(szDivId, elem, msg1, msg2)
{
  var res = -1;  if (document.getElementById) {
    res = flip(document.getElementById(szDivId));
  }
  else if (document.all) {
    // this is the way old msie versions work
    res = flip(document.all[szDivId]);
  }
  if(elem) {
    if(res == 0) elem.innerHTML = msg1; else elem.innerHTML = msg2;
  }

}

function toggleAllBoxes() {
  if (document.getElementsByTagName) {
    d = document.getElementsByTagName('div');
    for (i = 0; i < d.length; i++) {
      if (d[i].className == 'log') {
        flip(d[i]);
      }
    }
  }
}

// -->
</script>

</head>
<body>
<h2 align='center'>Tests</h2><table border='1' align="center">
<tr>
<td>Tests passed/Failed/Skipped:</td><td>11/4/0</td>
</tr><tr>
<td>Started on:</td><td>Mon Dec 28 15:41:17 IST 2020</td>
</tr>
<tr><td>Total time:</td><td>63 seconds (63069 ms)</td>
</tr><tr>
<td>Included groups:</td><td></td>
</tr><tr>
<td>Excluded groups:</td><td></td>
</tr>
</table><p/>
<small><i>(Hover the method name to see the test class name)</i></small><p/>
<table width='100%' border='1' class='invocation-failed'>
<tr><td colspan='4' align='center'><b>FAILED TESTS</b></td></tr>
<tr><td><b>Test method</b></td>
<td width="30%"><b>Exception</b></td>
<td width="10%"><b>Time (seconds)</b></td>
<td><b>Instance</b></td>
</tr>
<tr>
<td title='com.sample.test.demo.tests.Functional_NEG.NEG_boundary_value_test1()'><b>NEG_boundary_value_test1</b><br>Test class: com.sample.test.demo.tests.Functional_NEG</td>
<td><div><pre>java.lang.AssertionError: expected [false] but found [true]
	at com.sample.test.demo.tests.Functional_NEG.NEG_boundary_value_test1(Functional_NEG.java:65)
	at java.util.concurrent.ThreadPoolExecutor.runWorker(ThreadPoolExecutor.java:1149)
	at java.util.concurrent.ThreadPoolExecutor$Worker.run(ThreadPoolExecutor.java:624)
	at java.lang.Thread.run(Thread.java:748)
... Removed 16 stack frames</pre></div><a href='#' onClick='toggleBox("stack-trace1777481353", this, "Click to show all stack frames", "Click to hide stack frames")'>Click to show all stack frames</a>
<div class='stack-trace' id='stack-trace1777481353'><pre>java.lang.AssertionError: expected [false] but found [true]
	at org.testng.Assert.fail(Assert.java:96)
	at org.testng.Assert.failNotEquals(Assert.java:776)
	at org.testng.Assert.assertEqualsImpl(Assert.java:137)
	at org.testng.Assert.assertEquals(Assert.java:118)
	at org.testng.Assert.assertEquals(Assert.java:568)
	at org.testng.Assert.assertEquals(Assert.java:578)
	at com.sample.test.demo.tests.Functional_NEG.NEG_boundary_value_test1(Functional_NEG.java:65)
	at sun.reflect.NativeMethodAccessorImpl.invoke0(Native Method)
	at sun.reflect.NativeMethodAccessorImpl.invoke(NativeMethodAccessorImpl.java:62)
	at sun.reflect.DelegatingMethodAccessorImpl.invoke(DelegatingMethodAccessorImpl.java:43)
	at java.lang.reflect.Method.invoke(Method.java:498)
	at org.testng.internal.MethodInvocationHelper.invokeMethod(MethodInvocationHelper.java:124)
	at org.testng.internal.Invoker.invokeMethod(Invoker.java:583)
	at org.testng.internal.Invoker.invokeTestMethod(Invoker.java:719)
	at org.testng.internal.Invoker.invokeTestMethods(Invoker.java:989)
	at org.testng.internal.TestMethodWorker.invokeTestMethods(TestMethodWorker.java:125)
	at org.testng.internal.TestMethodWorker.run(TestMethodWorker.java:109)
	at java.util.concurrent.ThreadPoolExecutor.runWorker(ThreadPoolExecutor.java:1149)
	at java.util.concurrent.ThreadPoolExecutor$Worker.run(ThreadPoolExecutor.java:624)
	at java.lang.Thread.run(Thread.java:748)
</pre></div></td>
<td>4</td>
<td>com.sample.test.demo.tests.Functional_NEG@51081592</td></tr>
<tr>
<td title='com.sample.test.demo.tests.Functional_NEG.NEG_boundary_value_test2()'><b>NEG_boundary_value_test2</b><br>Test class: com.sample.test.demo.tests.Functional_NEG</td>
<td><div><pre>java.lang.AssertionError: expected [false] but found [true]
	at com.sample.test.demo.tests.Functional_NEG.NEG_boundary_value_test2(Functional_NEG.java:88)
	at java.util.concurrent.ThreadPoolExecutor.runWorker(ThreadPoolExecutor.java:1149)
	at java.util.concurrent.ThreadPoolExecutor$Worker.run(ThreadPoolExecutor.java:624)
	at java.lang.Thread.run(Thread.java:748)
... Removed 16 stack frames</pre></div><a href='#' onClick='toggleBox("stack-trace36687728", this, "Click to show all stack frames", "Click to hide stack frames")'>Click to show all stack frames</a>
<div class='stack-trace' id='stack-trace36687728'><pre>java.lang.AssertionError: expected [false] but found [true]
	at org.testng.Assert.fail(Assert.java:96)
	at org.testng.Assert.failNotEquals(Assert.java:776)
	at org.testng.Assert.assertEqualsImpl(Assert.java:137)
	at org.testng.Assert.assertEquals(Assert.java:118)
	at org.testng.Assert.assertEquals(Assert.java:568)
	at org.testng.Assert.assertEquals(Assert.java:578)
	at com.sample.test.demo.tests.Functional_NEG.NEG_boundary_value_test2(Functional_NEG.java:88)
	at sun.reflect.NativeMethodAccessorImpl.invoke0(Native Method)
	at sun.reflect.NativeMethodAccessorImpl.invoke(NativeMethodAccessorImpl.java:62)
	at sun.reflect.DelegatingMethodAccessorImpl.invoke(DelegatingMethodAccessorImpl.java:43)
	at java.lang.reflect.Method.invoke(Method.java:498)
	at org.testng.internal.MethodInvocationHelper.invokeMethod(MethodInvocationHelper.java:124)
	at org.testng.internal.Invoker.invokeMethod(Invoker.java:583)
	at org.testng.internal.Invoker.invokeTestMethod(Invoker.java:719)
	at org.testng.internal.Invoker.invokeTestMethods(Invoker.java:989)
	at org.testng.internal.TestMethodWorker.invokeTestMethods(TestMethodWorker.java:125)
	at org.testng.internal.TestMethodWorker.run(TestMethodWorker.java:109)
	at java.util.concurrent.ThreadPoolExecutor.runWorker(ThreadPoolExecutor.java:1149)
	at java.util.concurrent.ThreadPoolExecutor$Worker.run(ThreadPoolExecutor.java:624)
	at java.lang.Thread.run(Thread.java:748)
</pre></div></td>
<td>13</td>
<td>com.sample.test.demo.tests.Functional_NEG@51081592</td></tr>
<tr>
<td title='com.sample.test.demo.tests.Functional_NEG.NEG_select_both_payment()'><b>NEG_select_both_payment</b><br>Test class: com.sample.test.demo.tests.Functional_NEG</td>
<td><div><pre>java.lang.AssertionError: expected [false] but found [true]
	at com.sample.test.demo.tests.Functional_NEG.NEG_select_both_payment(Functional_NEG.java:19)
	at java.util.concurrent.ThreadPoolExecutor.runWorker(ThreadPoolExecutor.java:1149)
	at java.util.concurrent.ThreadPoolExecutor$Worker.run(ThreadPoolExecutor.java:624)
	at java.lang.Thread.run(Thread.java:748)
... Removed 16 stack frames</pre></div><a href='#' onClick='toggleBox("stack-trace1594146350", this, "Click to show all stack frames", "Click to hide stack frames")'>Click to show all stack frames</a>
<div class='stack-trace' id='stack-trace1594146350'><pre>java.lang.AssertionError: expected [false] but found [true]
	at org.testng.Assert.fail(Assert.java:96)
	at org.testng.Assert.failNotEquals(Assert.java:776)
	at org.testng.Assert.assertEqualsImpl(Assert.java:137)
	at org.testng.Assert.assertEquals(Assert.java:118)
	at org.testng.Assert.assertEquals(Assert.java:568)
	at org.testng.Assert.assertEquals(Assert.java:578)
	at com.sample.test.demo.tests.Functional_NEG.NEG_select_both_payment(Functional_NEG.java:19)
	at sun.reflect.NativeMethodAccessorImpl.invoke0(Native Method)
	at sun.reflect.NativeMethodAccessorImpl.invoke(NativeMethodAccessorImpl.java:62)
	at sun.reflect.DelegatingMethodAccessorImpl.invoke(DelegatingMethodAccessorImpl.java:43)
	at java.lang.reflect.Method.invoke(Method.java:498)
	at org.testng.internal.MethodInvocationHelper.invokeMethod(MethodInvocationHelper.java:124)
	at org.testng.internal.Invoker.invokeMethod(Invoker.java:583)
	at org.testng.internal.Invoker.invokeTestMethod(Invoker.java:719)
	at org.testng.internal.Invoker.invokeTestMethods(Invoker.java:989)
	at org.testng.internal.TestMethodWorker.invokeTestMethods(TestMethodWorker.java:125)
	at org.testng.internal.TestMethodWorker.run(TestMethodWorker.java:109)
	at java.util.concurrent.ThreadPoolExecutor.runWorker(ThreadPoolExecutor.java:1149)
	at java.util.concurrent.ThreadPoolExecutor$Worker.run(ThreadPoolExecutor.java:624)
	at java.lang.Thread.run(Thread.java:748)
</pre></div></td>
<td>1</td>
<td>com.sample.test.demo.tests.Functional_NEG@51081592</td></tr>
<tr>
<td title='com.sample.test.demo.tests.Functional_NEG.NEG_wrong_field_information()'><b>NEG_wrong_field_information</b><br>Test class: com.sample.test.demo.tests.Functional_NEG</td>
<td><div><pre>java.lang.AssertionError: expected [false] but found [true]
	at com.sample.test.demo.tests.Functional_NEG.NEG_wrong_field_information(Functional_NEG.java:43)
	at java.util.concurrent.ThreadPoolExecutor.runWorker(ThreadPoolExecutor.java:1149)
	at java.util.concurrent.ThreadPoolExecutor$Worker.run(ThreadPoolExecutor.java:624)
	at java.lang.Thread.run(Thread.java:748)
... Removed 16 stack frames</pre></div><a href='#' onClick='toggleBox("stack-trace995555269", this, "Click to show all stack frames", "Click to hide stack frames")'>Click to show all stack frames</a>
<div class='stack-trace' id='stack-trace995555269'><pre>java.lang.AssertionError: expected [false] but found [true]
	at org.testng.Assert.fail(Assert.java:96)
	at org.testng.Assert.failNotEquals(Assert.java:776)
	at org.testng.Assert.assertEqualsImpl(Assert.java:137)
	at org.testng.Assert.assertEquals(Assert.java:118)
	at org.testng.Assert.assertEquals(Assert.java:568)
	at org.testng.Assert.assertEquals(Assert.java:578)
	at com.sample.test.demo.tests.Functional_NEG.NEG_wrong_field_information(Functional_NEG.java:43)
	at sun.reflect.NativeMethodAccessorImpl.invoke0(Native Method)
	at sun.reflect.NativeMethodAccessorImpl.invoke(NativeMethodAccessorImpl.java:62)
	at sun.reflect.DelegatingMethodAccessorImpl.invoke(DelegatingMethodAccessorImpl.java:43)
	at java.lang.reflect.Method.invoke(Method.java:498)
	at org.testng.internal.MethodInvocationHelper.invokeMethod(MethodInvocationHelper.java:124)
	at org.testng.internal.Invoker.invokeMethod(Invoker.java:583)
	at org.testng.internal.Invoker.invokeTestMethod(Invoker.java:719)
	at org.testng.internal.Invoker.invokeTestMethods(Invoker.java:989)
	at org.testng.internal.TestMethodWorker.invokeTestMethods(TestMethodWorker.java:125)
	at org.testng.internal.TestMethodWorker.run(TestMethodWorker.java:109)
	at java.util.concurrent.ThreadPoolExecutor.runWorker(ThreadPoolExecutor.java:1149)
	at java.util.concurrent.ThreadPoolExecutor$Worker.run(ThreadPoolExecutor.java:624)
	at java.lang.Thread.run(Thread.java:748)
</pre></div></td>
<td>5</td>
<td>com.sample.test.demo.tests.Functional_NEG@51081592</td></tr>
</table><p>
<table width='100%' border='1' class='invocation-passed'>
<tr><td colspan='4' align='center'><b>PASSED TESTS</b></td></tr>
<tr><td><b>Test method</b></td>
<td width="30%"><b>Exception</b></td>
<td width="10%"><b>Time (seconds)</b></td>
<td><b>Instance</b></td>
</tr>
<tr>
<td title='com.sample.test.demo.tests.Functional_POS.REP_place_order_cash()'><b>REP_place_order_cash</b><br>Test class: com.sample.test.demo.tests.Functional_POS</td>
<td></td>
<td>5</td>
<td>com.sample.test.demo.tests.Functional_POS@51efea79</td></tr>
<tr>
<td title='com.sample.test.demo.tests.Functional_POS.REP_place_order_cash_missing_field()'><b>REP_place_order_cash_missing_field</b><br>Test class: com.sample.test.demo.tests.Functional_POS</td>
<td></td>
<td>5</td>
<td>com.sample.test.demo.tests.Functional_POS@51efea79</td></tr>
<tr>
<td title='com.sample.test.demo.tests.Functional_POS.REP_place_order_cash_missing_nonmad_field()'><b>REP_place_order_cash_missing_nonmad_field</b><br>Test class: com.sample.test.demo.tests.Functional_POS</td>
<td></td>
<td>6</td>
<td>com.sample.test.demo.tests.Functional_POS@51efea79</td></tr>
<tr>
<td title='com.sample.test.demo.tests.Functional_POS.REP_place_order_cc()'><b>REP_place_order_cc</b><br>Test class: com.sample.test.demo.tests.Functional_POS</td>
<td></td>
<td>5</td>
<td>com.sample.test.demo.tests.Functional_POS@51efea79</td></tr>
<tr>
<td title='com.sample.test.demo.tests.Functional_POS.REP_place_order_refresh_clean_field()'><b>REP_place_order_refresh_clean_field</b><br>Test class: com.sample.test.demo.tests.Functional_POS</td>
<td></td>
<td>4</td>
<td>com.sample.test.demo.tests.Functional_POS@51efea79</td></tr>
<tr>
<td title='com.sample.test.demo.tests.Functional_POS.REP_place_order_reset_clean_field()'><b>REP_place_order_reset_clean_field</b><br>Test class: com.sample.test.demo.tests.Functional_POS</td>
<td></td>
<td>2</td>
<td>com.sample.test.demo.tests.Functional_POS@51efea79</td></tr>
<tr>
<td title='com.sample.test.demo.tests.SanityTest.Sanity_place_order_cash()'><b>Sanity_place_order_cash</b><br>Test class: com.sample.test.demo.tests.SanityTest</td>
<td></td>
<td>8</td>
<td>com.sample.test.demo.tests.SanityTest@396a51ab</td></tr>
<tr>
<td title='com.sample.test.demo.tests.Functional_POS.Sanity_place_order_cash()'><b>Sanity_place_order_cash</b><br>Test class: com.sample.test.demo.tests.Functional_POS</td>
<td></td>
<td>3</td>
<td>com.sample.test.demo.tests.Functional_POS@51efea79</td></tr>
<tr>
<td title='com.sample.test.demo.tests.SanityTest.Sanity_place_order_cc()'><b>Sanity_place_order_cc</b><br>Test class: com.sample.test.demo.tests.SanityTest</td>
<td></td>
<td>8</td>
<td>com.sample.test.demo.tests.SanityTest@396a51ab</td></tr>
<tr>
<td title='com.sample.test.demo.tests.Functional_POS.Sanity_place_order_cc()'><b>Sanity_place_order_cc</b><br>Test class: com.sample.test.demo.tests.Functional_POS</td>
<td></td>
<td>3</td>
<td>com.sample.test.demo.tests.Functional_POS@51efea79</td></tr>
<tr>
<td title='com.sample.test.demo.tests.DemoTest.demoTest()'><b>demoTest</b><br>Test class: com.sample.test.demo.tests.DemoTest</td>
<td></td>
<td>0</td>
<td>com.sample.test.demo.tests.DemoTest@5034c75a</td></tr>
</table><p>
</body>
</html>